[2018-02-02 18:07:20] local.ERROR: Class hash does not exist {"exception":"[object] (ReflectionException(code: -1): Class hash does not exist at /home/imad/php projects/fubbi/vendor/laravel/framework/src/Illuminate/Container/Container.php:752)
[stacktrace]
#0 /home/imad/php projects/fubbi/vendor/laravel/framework/src/Illuminate/Container/Container.php(752): ReflectionClass->__construct('hash')
#1 /home/imad/php projects/fubbi/vendor/laravel/framework/src/Illuminate/Container/Container.php(631): Illuminate\\Container\\Container->build('hash')
#2 /home/imad/php projects/fubbi/vendor/laravel/framework/src/Illuminate/Container/Container.php(586): Illuminate\\Container\\Container->resolve('hash', Array)
#3 /home/imad/php projects/fubbi/vendor/laravel/framework/src/Illuminate/Foundation/Application.php(565): Illuminate\\Container\\Container->make('hash', Array)
#4 /home/imad/php projects/fubbi/vendor/laravel/framework/src/Illuminate/Container/Container.php(1195): Illuminate\\Foundation\\Application->make('hash')
#5 /home/imad/php projects/fubbi/vendor/laravel/framework/src/Illuminate/Auth/CreatesUserProviders.php(82): Illuminate\\Container\\Container->offsetGet('hash')
#6 /home/imad/php projects/fubbi/vendor/laravel/framework/src/Illuminate/Auth/CreatesUserProviders.php(40): Illuminate\\Auth\\AuthManager->createEloquentProvider(Array)
#7 /home/imad/php projects/fubbi/vendor/laravel/framework/src/Illuminate/Auth/AuthManager.php(121): Illuminate\\Auth\\AuthManager->createUserProvider('users')
#8 /home/imad/php projects/fubbi/vendor/laravel/framework/src/Illuminate/Auth/AuthManager.php(94): Illuminate\\Auth\\AuthManager->createSessionDriver('web', Array)
#9 /home/imad/php projects/fubbi/vendor/laravel/framework/src/Illuminate/Auth/AuthManager.php(68): Illuminate\\Auth\\AuthManager->resolve('web')
#10 /home/imad/php projects/fubbi/vendor/laravel/framework/src/Illuminate/Auth/AuthManager.php(292): Illuminate\\Auth\\AuthManager->guard()
#11 /home/imad/php projects/fubbi/vendor/laravel/framework/src/Illuminate/Support/Facades/Facade.php(221): Illuminate\\Auth\\AuthManager->__call('check', Array)
#12 /home/imad/php projects/fubbi/app/Providers/ClientRemindersProvider.php(29): Illuminate\\Support\\Facades\\Facade::__callStatic('check', Array)
#13 /home/imad/php projects/fubbi/vendor/laravel/framework/src/Illuminate/Foundation/Application.php(351): App\\Providers\\ClientRemindersProvider->register()
#14 /home/imad/php projects/fubbi/vendor/laravel/framework/src/Illuminate/Foundation/ProviderRepository.php(75): Illuminate\\Foundation\\Application->register(Object(App\\Providers\\ClientRemindersProvider))
#15 /home/imad/php projects/fubbi/vendor/laravel/framework/src/Illuminate/Foundation/Application.php(839): Illuminate\\Foundation\\ProviderRepository->load(Array)
#16 /home/imad/php projects/fubbi/vendor/laravel/framework/src/Illuminate/Foundation/Bootstrap/RegisterProviders.php(17): Illuminate\\Foundation\\Application->registerConfiguredProviders()
#17 /home/imad/php projects/fubbi/vendor/laravel/framework/src/Illuminate/Foundation/Application.php(542): Illuminate\\Foundation\\Bootstrap\\RegisterProviders->bootstrap(Object(Illuminate\\Foundation\\Application))
#18 /home/imad/php projects/fubbi/vendor/laravel/framework/src/Illuminate/Foundation/Console/Kernel.php(296): Illuminate\\Foundation\\Application->bootstrapWith(Array)
#19 /home/imad/php projects/fubbi/vendor/laravel/framework/src/Illuminate/Foundation/Console/Kernel.php(119): Illuminate\\Foundation\\Console\\Kernel->bootstrap()
#20 /home/imad/php projects/fubbi/artisan(37): Illuminate\\Foundation\\Console\\Kernel->handle(Object(Symfony\\Component\\Console\\Input\\ArgvInput), Object(Symfony\\Component\\Console\\Output\\ConsoleOutput))
#21 {main}
"} 
[2018-02-02 18:07:32] local.ERROR: file_put_contents(/home/imad/php projects/fubbi/bootstrap/cache/services.php): failed to open stream: Permission denied {"exception":"[object] (ErrorException(code: 0): file_put_contents(/home/imad/php projects/fubbi/bootstrap/cache/services.php): failed to open stream: Permission denied at /home/imad/php projects/fubbi/vendor/laravel/framework/src/Illuminate/Filesystem/Filesystem.php:122)
[stacktrace]
#0 [internal function]: Illuminate\\Foundation\\Bootstrap\\HandleExceptions->handleError(2, 'file_put_conten...', '/home/imad/php ...', 122, Array)
#1 /home/imad/php projects/fubbi/vendor/laravel/framework/src/Illuminate/Filesystem/Filesystem.php(122): file_put_contents('/home/imad/php ...', '<?php return ar...', 0)
#2 /home/imad/php projects/fubbi/vendor/laravel/framework/src/Illuminate/Foundation/ProviderRepository.php(194): Illuminate\\Filesystem\\Filesystem->put('/home/imad/php ...', '<?php return ar...')
#3 /home/imad/php projects/fubbi/vendor/laravel/framework/src/Illuminate/Foundation/ProviderRepository.php(165): Illuminate\\Foundation\\ProviderRepository->writeManifest(Array)
#4 /home/imad/php projects/fubbi/vendor/laravel/framework/src/Illuminate/Foundation/ProviderRepository.php(61): Illuminate\\Foundation\\ProviderRepository->compileManifest(Array)
#5 /home/imad/php projects/fubbi/vendor/laravel/framework/src/Illuminate/Foundation/Application.php(839): Illuminate\\Foundation\\ProviderRepository->load(Array)
#6 /home/imad/php projects/fubbi/vendor/laravel/framework/src/Illuminate/Foundation/Bootstrap/RegisterProviders.php(17): Illuminate\\Foundation\\Application->registerConfiguredProviders()
#7 /home/imad/php projects/fubbi/vendor/laravel/framework/src/Illuminate/Foundation/Application.php(542): Illuminate\\Foundation\\Bootstrap\\RegisterProviders->bootstrap(Object(Illuminate\\Foundation\\Application))
#8 /home/imad/php projects/fubbi/vendor/laravel/framework/src/Illuminate/Foundation/Console/Kernel.php(296): Illuminate\\Foundation\\Application->bootstrapWith(Array)
#9 /home/imad/php projects/fubbi/vendor/laravel/framework/src/Illuminate/Foundation/Console/Kernel.php(119): Illuminate\\Foundation\\Console\\Kernel->bootstrap()
#10 /home/imad/php projects/fubbi/artisan(37): Illuminate\\Foundation\\Console\\Kernel->handle(Object(Symfony\\Component\\Console\\Input\\ArgvInput), Object(Symfony\\Component\\Console\\Output\\ConsoleOutput))
#11 {main}
"} 
[2018-02-02 18:09:11] local.ERROR: Class 'App\Providers\ClientRemindersProvider' not found {"exception":"[object] (Symfony\\Component\\Debug\\Exception\\FatalThrowableError(code: 0): Class 'App\\Providers\\ClientRemindersProvider' not found at /home/imad/php projects/fubbi/vendor/laravel/framework/src/Illuminate/Foundation/Application.php:400)
[stacktrace]
#0 /home/imad/php projects/fubbi/vendor/laravel/framework/src/Illuminate/Foundation/Application.php(347): Illuminate\\Foundation\\Application->resolveProvider('App\\\\Providers\\\\C...')
#1 /home/imad/php projects/fubbi/vendor/laravel/framework/src/Illuminate/Foundation/ProviderRepository.php(75): Illuminate\\Foundation\\Application->register('App\\\\Providers\\\\C...')
#2 /home/imad/php projects/fubbi/vendor/laravel/framework/src/Illuminate/Foundation/Application.php(839): Illuminate\\Foundation\\ProviderRepository->load(Array)
#3 /home/imad/php projects/fubbi/vendor/laravel/framework/src/Illuminate/Foundation/Bootstrap/RegisterProviders.php(17): Illuminate\\Foundation\\Application->registerConfiguredProviders()
#4 /home/imad/php projects/fubbi/vendor/laravel/framework/src/Illuminate/Foundation/Application.php(542): Illuminate\\Foundation\\Bootstrap\\RegisterProviders->bootstrap(Object(Illuminate\\Foundation\\Application))
#5 /home/imad/php projects/fubbi/vendor/laravel/framework/src/Illuminate/Foundation/Console/Kernel.php(296): Illuminate\\Foundation\\Application->bootstrapWith(Array)
#6 /home/imad/php projects/fubbi/vendor/laravel/framework/src/Illuminate/Foundation/Console/Kernel.php(119): Illuminate\\Foundation\\Console\\Kernel->bootstrap()
#7 /home/imad/php projects/fubbi/artisan(37): Illuminate\\Foundation\\Console\\Kernel->handle(Object(Symfony\\Component\\Console\\Input\\ArgvInput), Object(Symfony\\Component\\Console\\Output\\ConsoleOutput))
#8 {main}
"} 
[2018-02-02 18:09:25] local.ERROR: file_put_contents(/home/imad/php projects/fubbi/bootstrap/cache/services.php): failed to open stream: Permission denied {"exception":"[object] (ErrorException(code: 0): file_put_contents(/home/imad/php projects/fubbi/bootstrap/cache/services.php): failed to open stream: Permission denied at /home/imad/php projects/fubbi/vendor/laravel/framework/src/Illuminate/Filesystem/Filesystem.php:122)
[stacktrace]
#0 [internal function]: Illuminate\\Foundation\\Bootstrap\\HandleExceptions->handleError(2, 'file_put_conten...', '/home/imad/php ...', 122, Array)
#1 /home/imad/php projects/fubbi/vendor/laravel/framework/src/Illuminate/Filesystem/Filesystem.php(122): file_put_contents('/home/imad/php ...', '<?php return ar...', 0)
#2 /home/imad/php projects/fubbi/vendor/laravel/framework/src/Illuminate/Foundation/ProviderRepository.php(194): Illuminate\\Filesystem\\Filesystem->put('/home/imad/php ...', '<?php return ar...')
#3 /home/imad/php projects/fubbi/vendor/laravel/framework/src/Illuminate/Foundation/ProviderRepository.php(165): Illuminate\\Foundation\\ProviderRepository->writeManifest(Array)
#4 /home/imad/php projects/fubbi/vendor/laravel/framework/src/Illuminate/Foundation/ProviderRepository.php(61): Illuminate\\Foundation\\ProviderRepository->compileManifest(Array)
#5 /home/imad/php projects/fubbi/vendor/laravel/framework/src/Illuminate/Foundation/Application.php(839): Illuminate\\Foundation\\ProviderRepository->load(Array)
#6 /home/imad/php projects/fubbi/vendor/laravel/framework/src/Illuminate/Foundation/Bootstrap/RegisterProviders.php(17): Illuminate\\Foundation\\Application->registerConfiguredProviders()
#7 /home/imad/php projects/fubbi/vendor/laravel/framework/src/Illuminate/Foundation/Application.php(542): Illuminate\\Foundation\\Bootstrap\\RegisterProviders->bootstrap(Object(Illuminate\\Foundation\\Application))
#8 /home/imad/php projects/fubbi/vendor/laravel/framework/src/Illuminate/Foundation/Console/Kernel.php(296): Illuminate\\Foundation\\Application->bootstrapWith(Array)
#9 /home/imad/php projects/fubbi/vendor/laravel/framework/src/Illuminate/Foundation/Console/Kernel.php(119): Illuminate\\Foundation\\Console\\Kernel->bootstrap()
#10 /home/imad/php projects/fubbi/artisan(37): Illuminate\\Foundation\\Console\\Kernel->handle(Object(Symfony\\Component\\Console\\Input\\ArgvInput), Object(Symfony\\Component\\Console\\Output\\ConsoleOutput))
#11 {main}
"} 
[2018-02-02 18:09:43] local.ERROR: file_put_contents(/home/imad/php projects/fubbi/bootstrap/cache/services.php): failed to open stream: Permission denied {"exception":"[object] (ErrorException(code: 0): file_put_contents(/home/imad/php projects/fubbi/bootstrap/cache/services.php): failed to open stream: Permission denied at /home/imad/php projects/fubbi/vendor/laravel/framework/src/Illuminate/Filesystem/Filesystem.php:122)
[stacktrace]
#0 [internal function]: Illuminate\\Foundation\\Bootstrap\\HandleExceptions->handleError(2, 'file_put_conten...', '/home/imad/php ...', 122, Array)
#1 /home/imad/php projects/fubbi/vendor/laravel/framework/src/Illuminate/Filesystem/Filesystem.php(122): file_put_contents('/home/imad/php ...', '<?php return ar...', 0)
#2 /home/imad/php projects/fubbi/vendor/laravel/framework/src/Illuminate/Foundation/ProviderRepository.php(194): Illuminate\\Filesystem\\Filesystem->put('/home/imad/php ...', '<?php return ar...')
#3 /home/imad/php projects/fubbi/vendor/laravel/framework/src/Illuminate/Foundation/ProviderRepository.php(165): Illuminate\\Foundation\\ProviderRepository->writeManifest(Array)
#4 /home/imad/php projects/fubbi/vendor/laravel/framework/src/Illuminate/Foundation/ProviderRepository.php(61): Illuminate\\Foundation\\ProviderRepository->compileManifest(Array)
#5 /home/imad/php projects/fubbi/vendor/laravel/framework/src/Illuminate/Foundation/Application.php(839): Illuminate\\Foundation\\ProviderRepository->load(Array)
#6 /home/imad/php projects/fubbi/vendor/laravel/framework/src/Illuminate/Foundation/Bootstrap/RegisterProviders.php(17): Illuminate\\Foundation\\Application->registerConfiguredProviders()
#7 /home/imad/php projects/fubbi/vendor/laravel/framework/src/Illuminate/Foundation/Application.php(542): Illuminate\\Foundation\\Bootstrap\\RegisterProviders->bootstrap(Object(Illuminate\\Foundation\\Application))
#8 /home/imad/php projects/fubbi/vendor/laravel/framework/src/Illuminate/Foundation/Console/Kernel.php(296): Illuminate\\Foundation\\Application->bootstrapWith(Array)
#9 /home/imad/php projects/fubbi/vendor/laravel/framework/src/Illuminate/Foundation/Console/Kernel.php(119): Illuminate\\Foundation\\Console\\Kernel->bootstrap()
#10 /home/imad/php projects/fubbi/artisan(37): Illuminate\\Foundation\\Console\\Kernel->handle(Object(Symfony\\Component\\Console\\Input\\ArgvInput), Object(Symfony\\Component\\Console\\Output\\ConsoleOutput))
#11 {main}
"} 
[2018-02-02 18:09:54] local.ERROR: file_put_contents(/home/imad/php projects/fubbi/bootstrap/cache/services.php): failed to open stream: Permission denied {"exception":"[object] (ErrorException(code: 0): file_put_contents(/home/imad/php projects/fubbi/bootstrap/cache/services.php): failed to open stream: Permission denied at /home/imad/php projects/fubbi/vendor/laravel/framework/src/Illuminate/Filesystem/Filesystem.php:122)
[stacktrace]
#0 [internal function]: Illuminate\\Foundation\\Bootstrap\\HandleExceptions->handleError(2, 'file_put_conten...', '/home/imad/php ...', 122, Array)
#1 /home/imad/php projects/fubbi/vendor/laravel/framework/src/Illuminate/Filesystem/Filesystem.php(122): file_put_contents('/home/imad/php ...', '<?php return ar...', 0)
#2 /home/imad/php projects/fubbi/vendor/laravel/framework/src/Illuminate/Foundation/ProviderRepository.php(194): Illuminate\\Filesystem\\Filesystem->put('/home/imad/php ...', '<?php return ar...')
#3 /home/imad/php projects/fubbi/vendor/laravel/framework/src/Illuminate/Foundation/ProviderRepository.php(165): Illuminate\\Foundation\\ProviderRepository->writeManifest(Array)
#4 /home/imad/php projects/fubbi/vendor/laravel/framework/src/Illuminate/Foundation/ProviderRepository.php(61): Illuminate\\Foundation\\ProviderRepository->compileManifest(Array)
#5 /home/imad/php projects/fubbi/vendor/laravel/framework/src/Illuminate/Foundation/Application.php(839): Illuminate\\Foundation\\ProviderRepository->load(Array)
#6 /home/imad/php projects/fubbi/vendor/laravel/framework/src/Illuminate/Foundation/Bootstrap/RegisterProviders.php(17): Illuminate\\Foundation\\Application->registerConfiguredProviders()
#7 /home/imad/php projects/fubbi/vendor/laravel/framework/src/Illuminate/Foundation/Application.php(542): Illuminate\\Foundation\\Bootstrap\\RegisterProviders->bootstrap(Object(Illuminate\\Foundation\\Application))
#8 /home/imad/php projects/fubbi/vendor/laravel/framework/src/Illuminate/Foundation/Console/Kernel.php(296): Illuminate\\Foundation\\Application->bootstrapWith(Array)
#9 /home/imad/php projects/fubbi/vendor/laravel/framework/src/Illuminate/Foundation/Console/Kernel.php(119): Illuminate\\Foundation\\Console\\Kernel->bootstrap()
#10 /home/imad/php projects/fubbi/artisan(37): Illuminate\\Foundation\\Console\\Kernel->handle(Object(Symfony\\Component\\Console\\Input\\ArgvInput), Object(Symfony\\Component\\Console\\Output\\ConsoleOutput))
#11 {main}
"} 
[2018-02-02 18:10:38] local.ERROR: Class hash does not exist {"exception":"[object] (ReflectionException(code: -1): Class hash does not exist at /home/imad/php projects/fubbi/vendor/laravel/framework/src/Illuminate/Container/Container.php:752)
[stacktrace]
#0 /home/imad/php projects/fubbi/vendor/laravel/framework/src/Illuminate/Container/Container.php(752): ReflectionClass->__construct('hash')
#1 /home/imad/php projects/fubbi/vendor/laravel/framework/src/Illuminate/Container/Container.php(631): Illuminate\\Container\\Container->build('hash')
#2 /home/imad/php projects/fubbi/vendor/laravel/framework/src/Illuminate/Container/Container.php(586): Illuminate\\Container\\Container->resolve('hash', Array)
#3 /home/imad/php projects/fubbi/vendor/laravel/framework/src/Illuminate/Foundation/Application.php(565): Illuminate\\Container\\Container->make('hash', Array)
#4 /home/imad/php projects/fubbi/vendor/laravel/framework/src/Illuminate/Container/Container.php(1195): Illuminate\\Foundation\\Application->make('hash')
#5 /home/imad/php projects/fubbi/vendor/laravel/framework/src/Illuminate/Auth/CreatesUserProviders.php(82): Illuminate\\Container\\Container->offsetGet('hash')
#6 /home/imad/php projects/fubbi/vendor/laravel/framework/src/Illuminate/Auth/CreatesUserProviders.php(40): Illuminate\\Auth\\AuthManager->createEloquentProvider(Array)
#7 /home/imad/php projects/fubbi/vendor/laravel/framework/src/Illuminate/Auth/AuthManager.php(121): Illuminate\\Auth\\AuthManager->createUserProvider('users')
#8 /home/imad/php projects/fubbi/vendor/laravel/framework/src/Illuminate/Auth/AuthManager.php(94): Illuminate\\Auth\\AuthManager->createSessionDriver('web', Array)
#9 /home/imad/php projects/fubbi/vendor/laravel/framework/src/Illuminate/Auth/AuthManager.php(68): Illuminate\\Auth\\AuthManager->resolve('web')
#10 /home/imad/php projects/fubbi/vendor/laravel/framework/src/Illuminate/Auth/AuthManager.php(292): Illuminate\\Auth\\AuthManager->guard()
#11 /home/imad/php projects/fubbi/vendor/laravel/framework/src/Illuminate/Support/Facades/Facade.php(221): Illuminate\\Auth\\AuthManager->__call('check', Array)
#12 /home/imad/php projects/fubbi/app/Providers/UserRemindersProvider.php(29): Illuminate\\Support\\Facades\\Facade::__callStatic('check', Array)
#13 /home/imad/php projects/fubbi/vendor/laravel/framework/src/Illuminate/Foundation/Application.php(351): App\\Providers\\UserRemindersProvider->register()
#14 /home/imad/php projects/fubbi/vendor/laravel/framework/src/Illuminate/Foundation/ProviderRepository.php(75): Illuminate\\Foundation\\Application->register(Object(App\\Providers\\UserRemindersProvider))
#15 /home/imad/php projects/fubbi/vendor/laravel/framework/src/Illuminate/Foundation/Application.php(839): Illuminate\\Foundation\\ProviderRepository->load(Array)
#16 /home/imad/php projects/fubbi/vendor/laravel/framework/src/Illuminate/Foundation/Bootstrap/RegisterProviders.php(17): Illuminate\\Foundation\\Application->registerConfiguredProviders()
#17 /home/imad/php projects/fubbi/vendor/laravel/framework/src/Illuminate/Foundation/Application.php(542): Illuminate\\Foundation\\Bootstrap\\RegisterProviders->bootstrap(Object(Illuminate\\Foundation\\Application))
#18 /home/imad/php projects/fubbi/vendor/laravel/framework/src/Illuminate/Foundation/Console/Kernel.php(296): Illuminate\\Foundation\\Application->bootstrapWith(Array)
#19 /home/imad/php projects/fubbi/vendor/laravel/framework/src/Illuminate/Foundation/Console/ConfigCacheCommand.php(72): Illuminate\\Foundation\\Console\\Kernel->bootstrap()
#20 /home/imad/php projects/fubbi/vendor/laravel/framework/src/Illuminate/Foundation/Console/ConfigCacheCommand.php(54): Illuminate\\Foundation\\Console\\ConfigCacheCommand->getFreshConfiguration()
#21 [internal function]: Illuminate\\Foundation\\Console\\ConfigCacheCommand->handle()
#22 /home/imad/php projects/fubbi/vendor/laravel/framework/src/Illuminate/Container/BoundMethod.php(29): call_user_func_array(Array, Array)
#23 /home/imad/php projects/fubbi/vendor/laravel/framework/src/Illuminate/Container/BoundMethod.php(87): Illuminate\\Container\\BoundMethod::Illuminate\\Container\\{closure}()
#24 /home/imad/php projects/fubbi/vendor/laravel/framework/src/Illuminate/Container/BoundMethod.php(31): Illuminate\\Container\\BoundMethod::callBoundMethod(Object(Illuminate\\Foundation\\Application), Array, Object(Closure))
#25 /home/imad/php projects/fubbi/vendor/laravel/framework/src/Illuminate/Container/Container.php(549): Illuminate\\Container\\BoundMethod::call(Object(Illuminate\\Foundation\\Application), Array, Array, NULL)
#26 /home/imad/php projects/fubbi/vendor/laravel/framework/src/Illuminate/Console/Command.php(566): Illuminate\\Container\\Container->call(Array)
#27 /home/imad/php projects/fubbi/vendor/symfony/console/Command/Command.php(252): Illuminate\\Console\\Command->execute(Object(Symfony\\Component\\Console\\Input\\ArgvInput), Object(Illuminate\\Console\\OutputStyle))
#28 /home/imad/php projects/fubbi/vendor/laravel/framework/src/Illuminate/Console/Command.php(190): Symfony\\Component\\Console\\Command\\Command->run(Object(Symfony\\Component\\Console\\Input\\ArgvInput), Object(Illuminate\\Console\\OutputStyle))
#29 /home/imad/php projects/fubbi/vendor/symfony/console/Application.php(936): Illuminate\\Console\\Command->run(Object(Symfony\\Component\\Console\\Input\\ArgvInput), Object(Symfony\\Component\\Console\\Output\\ConsoleOutput))
#30 /home/imad/php projects/fubbi/vendor/symfony/console/Application.php(240): Symfony\\Component\\Console\\Application->doRunCommand(Object(Illuminate\\Foundation\\Console\\ConfigCacheCommand), Object(Symfony\\Component\\Console\\Input\\ArgvInput), Object(Symfony\\Component\\Console\\Output\\ConsoleOutput))
#31 /home/imad/php projects/fubbi/vendor/symfony/console/Application.php(148): Symfony\\Component\\Console\\Application->doRun(Object(Symfony\\Component\\Console\\Input\\ArgvInput), Object(Symfony\\Component\\Console\\Output\\ConsoleOutput))
#32 /home/imad/php projects/fubbi/vendor/laravel/framework/src/Illuminate/Console/Application.php(172): Symfony\\Component\\Console\\Application->run(Object(Symfony\\Component\\Console\\Input\\ArgvInput), Object(Symfony\\Component\\Console\\Output\\ConsoleOutput))
#33 /home/imad/php projects/fubbi/vendor/laravel/framework/src/Illuminate/Foundation/Console/Kernel.php(121): Illuminate\\Console\\Application->run(Object(Symfony\\Component\\Console\\Input\\ArgvInput), Object(Symfony\\Component\\Console\\Output\\ConsoleOutput))
#34 /home/imad/php projects/fubbi/artisan(37): Illuminate\\Foundation\\Console\\Kernel->handle(Object(Symfony\\Component\\Console\\Input\\ArgvInput), Object(Symfony\\Component\\Console\\Output\\ConsoleOutput))
#35 {main}
"} 
[2018-02-02 18:12:02] local.ERROR: Class 'App\Providers\UserRemindersProvider' not found {"exception":"[object] (Symfony\\Component\\Debug\\Exception\\FatalThrowableError(code: 0): Class 'App\\Providers\\UserRemindersProvider' not found at /home/imad/php projects/fubbi/vendor/laravel/framework/src/Illuminate/Foundation/Application.php:400)
[stacktrace]
#0 /home/imad/php projects/fubbi/vendor/laravel/framework/src/Illuminate/Foundation/Application.php(347): Illuminate\\Foundation\\Application->resolveProvider('App\\\\Providers\\\\U...')
#1 /home/imad/php projects/fubbi/vendor/laravel/framework/src/Illuminate/Foundation/ProviderRepository.php(75): Illuminate\\Foundation\\Application->register('App\\\\Providers\\\\U...')
#2 /home/imad/php projects/fubbi/vendor/laravel/framework/src/Illuminate/Foundation/Application.php(839): Illuminate\\Foundation\\ProviderRepository->load(Array)
#3 /home/imad/php projects/fubbi/vendor/laravel/framework/src/Illuminate/Foundation/Bootstrap/RegisterProviders.php(17): Illuminate\\Foundation\\Application->registerConfiguredProviders()
#4 /home/imad/php projects/fubbi/vendor/laravel/framework/src/Illuminate/Foundation/Application.php(542): Illuminate\\Foundation\\Bootstrap\\RegisterProviders->bootstrap(Object(Illuminate\\Foundation\\Application))
#5 /home/imad/php projects/fubbi/vendor/laravel/framework/src/Illuminate/Foundation/Console/Kernel.php(296): Illuminate\\Foundation\\Application->bootstrapWith(Array)
#6 /home/imad/php projects/fubbi/vendor/laravel/framework/src/Illuminate/Foundation/Console/Kernel.php(119): Illuminate\\Foundation\\Console\\Kernel->bootstrap()
#7 /home/imad/php projects/fubbi/artisan(37): Illuminate\\Foundation\\Console\\Kernel->handle(Object(Symfony\\Component\\Console\\Input\\ArgvInput), Object(Symfony\\Component\\Console\\Output\\ConsoleOutput))
#8 {main}
"} 
[2018-02-02 18:12:15] local.ERROR: Class 'App\Providers\UserRemindersProvider' not found {"exception":"[object] (Symfony\\Component\\Debug\\Exception\\FatalThrowableError(code: 0): Class 'App\\Providers\\UserRemindersProvider' not found at /home/imad/php projects/fubbi/vendor/laravel/framework/src/Illuminate/Foundation/Application.php:400)
[stacktrace]
#0 /home/imad/php projects/fubbi/vendor/laravel/framework/src/Illuminate/Foundation/Application.php(347): Illuminate\\Foundation\\Application->resolveProvider('App\\\\Providers\\\\U...')
#1 /home/imad/php projects/fubbi/vendor/laravel/framework/src/Illuminate/Foundation/ProviderRepository.php(75): Illuminate\\Foundation\\Application->register('App\\\\Providers\\\\U...')
#2 /home/imad/php projects/fubbi/vendor/laravel/framework/src/Illuminate/Foundation/Application.php(839): Illuminate\\Foundation\\ProviderRepository->load(Array)
#3 /home/imad/php projects/fubbi/vendor/laravel/framework/src/Illuminate/Foundation/Bootstrap/RegisterProviders.php(17): Illuminate\\Foundation\\Application->registerConfiguredProviders()
#4 /home/imad/php projects/fubbi/vendor/laravel/framework/src/Illuminate/Foundation/Application.php(542): Illuminate\\Foundation\\Bootstrap\\RegisterProviders->bootstrap(Object(Illuminate\\Foundation\\Application))
#5 /home/imad/php projects/fubbi/vendor/laravel/framework/src/Illuminate/Foundation/Console/Kernel.php(296): Illuminate\\Foundation\\Application->bootstrapWith(Array)
#6 /home/imad/php projects/fubbi/vendor/laravel/framework/src/Illuminate/Foundation/Console/Kernel.php(119): Illuminate\\Foundation\\Console\\Kernel->bootstrap()
#7 /home/imad/php projects/fubbi/artisan(37): Illuminate\\Foundation\\Console\\Kernel->handle(Object(Symfony\\Component\\Console\\Input\\ArgvInput), Object(Symfony\\Component\\Console\\Output\\ConsoleOutput))
#8 {main}
"} 
[2018-02-02 18:12:31] local.ERROR: Class 'App\Providers\UserRemindersProvider' not found {"exception":"[object] (Symfony\\Component\\Debug\\Exception\\FatalThrowableError(code: 0): Class 'App\\Providers\\UserRemindersProvider' not found at /home/imad/php projects/fubbi/vendor/laravel/framework/src/Illuminate/Foundation/Application.php:400)
[stacktrace]
#0 /home/imad/php projects/fubbi/vendor/laravel/framework/src/Illuminate/Foundation/Application.php(347): Illuminate\\Foundation\\Application->resolveProvider('App\\\\Providers\\\\U...')
#1 /home/imad/php projects/fubbi/vendor/laravel/framework/src/Illuminate/Foundation/ProviderRepository.php(75): Illuminate\\Foundation\\Application->register('App\\\\Providers\\\\U...')
#2 /home/imad/php projects/fubbi/vendor/laravel/framework/src/Illuminate/Foundation/Application.php(839): Illuminate\\Foundation\\ProviderRepository->load(Array)
#3 /home/imad/php projects/fubbi/vendor/laravel/framework/src/Illuminate/Foundation/Bootstrap/RegisterProviders.php(17): Illuminate\\Foundation\\Application->registerConfiguredProviders()
#4 /home/imad/php projects/fubbi/vendor/laravel/framework/src/Illuminate/Foundation/Application.php(542): Illuminate\\Foundation\\Bootstrap\\RegisterProviders->bootstrap(Object(Illuminate\\Foundation\\Application))
#5 /home/imad/php projects/fubbi/vendor/laravel/framework/src/Illuminate/Foundation/Console/Kernel.php(296): Illuminate\\Foundation\\Application->bootstrapWith(Array)
#6 /home/imad/php projects/fubbi/vendor/laravel/framework/src/Illuminate/Foundation/Console/Kernel.php(119): Illuminate\\Foundation\\Console\\Kernel->bootstrap()
#7 /home/imad/php projects/fubbi/artisan(37): Illuminate\\Foundation\\Console\\Kernel->handle(Object(Symfony\\Component\\Console\\Input\\ArgvInput), Object(Symfony\\Component\\Console\\Output\\ConsoleOutput))
#8 {main}
"} 
[2018-02-02 18:12:36] local.ERROR: Class 'App\Providers\UserRemindersProvider' not found {"exception":"[object] (Symfony\\Component\\Debug\\Exception\\FatalThrowableError(code: 0): Class 'App\\Providers\\UserRemindersProvider' not found at /home/imad/php projects/fubbi/vendor/laravel/framework/src/Illuminate/Foundation/Application.php:400)
[stacktrace]
#0 /home/imad/php projects/fubbi/vendor/laravel/framework/src/Illuminate/Foundation/Application.php(347): Illuminate\\Foundation\\Application->resolveProvider('App\\\\Providers\\\\U...')
#1 /home/imad/php projects/fubbi/vendor/laravel/framework/src/Illuminate/Foundation/ProviderRepository.php(75): Illuminate\\Foundation\\Application->register('App\\\\Providers\\\\U...')
#2 /home/imad/php projects/fubbi/vendor/laravel/framework/src/Illuminate/Foundation/Application.php(839): Illuminate\\Foundation\\ProviderRepository->load(Array)
#3 /home/imad/php projects/fubbi/vendor/laravel/framework/src/Illuminate/Foundation/Bootstrap/RegisterProviders.php(17): Illuminate\\Foundation\\Application->registerConfiguredProviders()
#4 /home/imad/php projects/fubbi/vendor/laravel/framework/src/Illuminate/Foundation/Application.php(542): Illuminate\\Foundation\\Bootstrap\\RegisterProviders->bootstrap(Object(Illuminate\\Foundation\\Application))
#5 /home/imad/php projects/fubbi/vendor/laravel/framework/src/Illuminate/Foundation/Console/Kernel.php(296): Illuminate\\Foundation\\Application->bootstrapWith(Array)
#6 /home/imad/php projects/fubbi/vendor/laravel/framework/src/Illuminate/Foundation/Console/Kernel.php(119): Illuminate\\Foundation\\Console\\Kernel->bootstrap()
#7 /home/imad/php projects/fubbi/artisan(37): Illuminate\\Foundation\\Console\\Kernel->handle(Object(Symfony\\Component\\Console\\Input\\ArgvInput), Object(Symfony\\Component\\Console\\Output\\ConsoleOutput))
#8 {main}
"} 
[2018-02-02 18:12:49] local.ERROR: Class 'App\Providers\UserRemindersProvider' not found {"exception":"[object] (Symfony\\Component\\Debug\\Exception\\FatalThrowableError(code: 0): Class 'App\\Providers\\UserRemindersProvider' not found at /home/imad/php projects/fubbi/vendor/laravel/framework/src/Illuminate/Foundation/Application.php:400)
[stacktrace]
#0 /home/imad/php projects/fubbi/vendor/laravel/framework/src/Illuminate/Foundation/Application.php(347): Illuminate\\Foundation\\Application->resolveProvider('App\\\\Providers\\\\U...')
#1 /home/imad/php projects/fubbi/vendor/laravel/framework/src/Illuminate/Foundation/ProviderRepository.php(75): Illuminate\\Foundation\\Application->register('App\\\\Providers\\\\U...')
#2 /home/imad/php projects/fubbi/vendor/laravel/framework/src/Illuminate/Foundation/Application.php(839): Illuminate\\Foundation\\ProviderRepository->load(Array)
#3 /home/imad/php projects/fubbi/vendor/laravel/framework/src/Illuminate/Foundation/Bootstrap/RegisterProviders.php(17): Illuminate\\Foundation\\Application->registerConfiguredProviders()
#4 /home/imad/php projects/fubbi/vendor/laravel/framework/src/Illuminate/Foundation/Application.php(542): Illuminate\\Foundation\\Bootstrap\\RegisterProviders->bootstrap(Object(Illuminate\\Foundation\\Application))
#5 /home/imad/php projects/fubbi/vendor/laravel/framework/src/Illuminate/Foundation/Console/Kernel.php(296): Illuminate\\Foundation\\Application->bootstrapWith(Array)
#6 /home/imad/php projects/fubbi/vendor/laravel/framework/src/Illuminate/Foundation/Console/Kernel.php(119): Illuminate\\Foundation\\Console\\Kernel->bootstrap()
#7 /home/imad/php projects/fubbi/artisan(37): Illuminate\\Foundation\\Console\\Kernel->handle(Object(Symfony\\Component\\Console\\Input\\ArgvInput), Object(Symfony\\Component\\Console\\Output\\ConsoleOutput))
#8 {main}
"} 
[2018-02-02 18:13:36] local.ERROR: Unable to prepare route [api/user] for serialization. Uses Closure. {"exception":"[object] (LogicException(code: 0): Unable to prepare route [api/user] for serialization. Uses Closure. at /home/imad/php projects/fubbi/vendor/laravel/framework/src/Illuminate/Routing/Route.php:880)
[stacktrace]
#0 /home/imad/php projects/fubbi/vendor/laravel/framework/src/Illuminate/Foundation/Console/RouteCacheCommand.php(62): Illuminate\\Routing\\Route->prepareForSerialization()
#1 [internal function]: Illuminate\\Foundation\\Console\\RouteCacheCommand->handle()
#2 /home/imad/php projects/fubbi/vendor/laravel/framework/src/Illuminate/Container/BoundMethod.php(29): call_user_func_array(Array, Array)
#3 /home/imad/php projects/fubbi/vendor/laravel/framework/src/Illuminate/Container/BoundMethod.php(87): Illuminate\\Container\\BoundMethod::Illuminate\\Container\\{closure}()
#4 /home/imad/php projects/fubbi/vendor/laravel/framework/src/Illuminate/Container/BoundMethod.php(31): Illuminate\\Container\\BoundMethod::callBoundMethod(Object(Illuminate\\Foundation\\Application), Array, Object(Closure))
#5 /home/imad/php projects/fubbi/vendor/laravel/framework/src/Illuminate/Container/Container.php(549): Illuminate\\Container\\BoundMethod::call(Object(Illuminate\\Foundation\\Application), Array, Array, NULL)
#6 /home/imad/php projects/fubbi/vendor/laravel/framework/src/Illuminate/Console/Command.php(566): Illuminate\\Container\\Container->call(Array)
#7 /home/imad/php projects/fubbi/vendor/symfony/console/Command/Command.php(252): Illuminate\\Console\\Command->execute(Object(Symfony\\Component\\Console\\Input\\ArgvInput), Object(Illuminate\\Console\\OutputStyle))
#8 /home/imad/php projects/fubbi/vendor/laravel/framework/src/Illuminate/Console/Command.php(190): Symfony\\Component\\Console\\Command\\Command->run(Object(Symfony\\Component\\Console\\Input\\ArgvInput), Object(Illuminate\\Console\\OutputStyle))
#9 /home/imad/php projects/fubbi/vendor/symfony/console/Application.php(936): Illuminate\\Console\\Command->run(Object(Symfony\\Component\\Console\\Input\\ArgvInput), Object(Symfony\\Component\\Console\\Output\\ConsoleOutput))
#10 /home/imad/php projects/fubbi/vendor/symfony/console/Application.php(240): Symfony\\Component\\Console\\Application->doRunCommand(Object(Illuminate\\Foundation\\Console\\RouteCacheCommand), Object(Symfony\\Component\\Console\\Input\\ArgvInput), Object(Symfony\\Component\\Console\\Output\\ConsoleOutput))
#11 /home/imad/php projects/fubbi/vendor/symfony/console/Application.php(148): Symfony\\Component\\Console\\Application->doRun(Object(Symfony\\Component\\Console\\Input\\ArgvInput), Object(Symfony\\Component\\Console\\Output\\ConsoleOutput))
#12 /home/imad/php projects/fubbi/vendor/laravel/framework/src/Illuminate/Console/Application.php(172): Symfony\\Component\\Console\\Application->run(Object(Symfony\\Component\\Console\\Input\\ArgvInput), Object(Symfony\\Component\\Console\\Output\\ConsoleOutput))
#13 /home/imad/php projects/fubbi/vendor/laravel/framework/src/Illuminate/Foundation/Console/Kernel.php(121): Illuminate\\Console\\Application->run(Object(Symfony\\Component\\Console\\Input\\ArgvInput), Object(Symfony\\Component\\Console\\Output\\ConsoleOutput))
#14 /home/imad/php projects/fubbi/artisan(37): Illuminate\\Foundation\\Console\\Kernel->handle(Object(Symfony\\Component\\Console\\Input\\ArgvInput), Object(Symfony\\Component\\Console\\Output\\ConsoleOutput))
#15 {main}
"} 
[2018-02-02 18:14:13] local.ERROR: Unable to prepare route [test] for serialization. Uses Closure. {"exception":"[object] (LogicException(code: 0): Unable to prepare route [test] for serialization. Uses Closure. at /home/imad/php projects/fubbi/vendor/laravel/framework/src/Illuminate/Routing/Route.php:880)
[stacktrace]
#0 /home/imad/php projects/fubbi/vendor/laravel/framework/src/Illuminate/Foundation/Console/RouteCacheCommand.php(62): Illuminate\\Routing\\Route->prepareForSerialization()
#1 [internal function]: Illuminate\\Foundation\\Console\\RouteCacheCommand->handle()
#2 /home/imad/php projects/fubbi/vendor/laravel/framework/src/Illuminate/Container/BoundMethod.php(29): call_user_func_array(Array, Array)
#3 /home/imad/php projects/fubbi/vendor/laravel/framework/src/Illuminate/Container/BoundMethod.php(87): Illuminate\\Container\\BoundMethod::Illuminate\\Container\\{closure}()
#4 /home/imad/php projects/fubbi/vendor/laravel/framework/src/Illuminate/Container/BoundMethod.php(31): Illuminate\\Container\\BoundMethod::callBoundMethod(Object(Illuminate\\Foundation\\Application), Array, Object(Closure))
#5 /home/imad/php projects/fubbi/vendor/laravel/framework/src/Illuminate/Container/Container.php(549): Illuminate\\Container\\BoundMethod::call(Object(Illuminate\\Foundation\\Application), Array, Array, NULL)
#6 /home/imad/php projects/fubbi/vendor/laravel/framework/src/Illuminate/Console/Command.php(566): Illuminate\\Container\\Container->call(Array)
#7 /home/imad/php projects/fubbi/vendor/symfony/console/Command/Command.php(252): Illuminate\\Console\\Command->execute(Object(Symfony\\Component\\Console\\Input\\ArgvInput), Object(Illuminate\\Console\\OutputStyle))
#8 /home/imad/php projects/fubbi/vendor/laravel/framework/src/Illuminate/Console/Command.php(190): Symfony\\Component\\Console\\Command\\Command->run(Object(Symfony\\Component\\Console\\Input\\ArgvInput), Object(Illuminate\\Console\\OutputStyle))
#9 /home/imad/php projects/fubbi/vendor/symfony/console/Application.php(936): Illuminate\\Console\\Command->run(Object(Symfony\\Component\\Console\\Input\\ArgvInput), Object(Symfony\\Component\\Console\\Output\\ConsoleOutput))
#10 /home/imad/php projects/fubbi/vendor/symfony/console/Application.php(240): Symfony\\Component\\Console\\Application->doRunCommand(Object(Illuminate\\Foundation\\Console\\RouteCacheCommand), Object(Symfony\\Component\\Console\\Input\\ArgvInput), Object(Symfony\\Component\\Console\\Output\\ConsoleOutput))
#11 /home/imad/php projects/fubbi/vendor/symfony/console/Application.php(148): Symfony\\Component\\Console\\Application->doRun(Object(Symfony\\Component\\Console\\Input\\ArgvInput), Object(Symfony\\Component\\Console\\Output\\ConsoleOutput))
#12 /home/imad/php projects/fubbi/vendor/laravel/framework/src/Illuminate/Console/Application.php(172): Symfony\\Component\\Console\\Application->run(Object(Symfony\\Component\\Console\\Input\\ArgvInput), Object(Symfony\\Component\\Console\\Output\\ConsoleOutput))
#13 /home/imad/php projects/fubbi/vendor/laravel/framework/src/Illuminate/Foundation/Console/Kernel.php(121): Illuminate\\Console\\Application->run(Object(Symfony\\Component\\Console\\Input\\ArgvInput), Object(Symfony\\Component\\Console\\Output\\ConsoleOutput))
#14 /home/imad/php projects/fubbi/artisan(37): Illuminate\\Foundation\\Console\\Kernel->handle(Object(Symfony\\Component\\Console\\Input\\ArgvInput), Object(Symfony\\Component\\Console\\Output\\ConsoleOutput))
#15 {main}
"} 
[2018-02-02 18:14:25] local.ERROR: Unable to prepare route [test] for serialization. Uses Closure. {"exception":"[object] (LogicException(code: 0): Unable to prepare route [test] for serialization. Uses Closure. at /home/imad/php projects/fubbi/vendor/laravel/framework/src/Illuminate/Routing/Route.php:880)
[stacktrace]
#0 /home/imad/php projects/fubbi/vendor/laravel/framework/src/Illuminate/Foundation/Console/RouteCacheCommand.php(62): Illuminate\\Routing\\Route->prepareForSerialization()
#1 [internal function]: Illuminate\\Foundation\\Console\\RouteCacheCommand->handle()
#2 /home/imad/php projects/fubbi/vendor/laravel/framework/src/Illuminate/Container/BoundMethod.php(29): call_user_func_array(Array, Array)
#3 /home/imad/php projects/fubbi/vendor/laravel/framework/src/Illuminate/Container/BoundMethod.php(87): Illuminate\\Container\\BoundMethod::Illuminate\\Container\\{closure}()
#4 /home/imad/php projects/fubbi/vendor/laravel/framework/src/Illuminate/Container/BoundMethod.php(31): Illuminate\\Container\\BoundMethod::callBoundMethod(Object(Illuminate\\Foundation\\Application), Array, Object(Closure))
#5 /home/imad/php projects/fubbi/vendor/laravel/framework/src/Illuminate/Container/Container.php(549): Illuminate\\Container\\BoundMethod::call(Object(Illuminate\\Foundation\\Application), Array, Array, NULL)
#6 /home/imad/php projects/fubbi/vendor/laravel/framework/src/Illuminate/Console/Command.php(566): Illuminate\\Container\\Container->call(Array)
#7 /home/imad/php projects/fubbi/vendor/symfony/console/Command/Command.php(252): Illuminate\\Console\\Command->execute(Object(Symfony\\Component\\Console\\Input\\ArgvInput), Object(Illuminate\\Console\\OutputStyle))
#8 /home/imad/php projects/fubbi/vendor/laravel/framework/src/Illuminate/Console/Command.php(190): Symfony\\Component\\Console\\Command\\Command->run(Object(Symfony\\Component\\Console\\Input\\ArgvInput), Object(Illuminate\\Console\\OutputStyle))
#9 /home/imad/php projects/fubbi/vendor/symfony/console/Application.php(936): Illuminate\\Console\\Command->run(Object(Symfony\\Component\\Console\\Input\\ArgvInput), Object(Symfony\\Component\\Console\\Output\\ConsoleOutput))
#10 /home/imad/php projects/fubbi/vendor/symfony/console/Application.php(240): Symfony\\Component\\Console\\Application->doRunCommand(Object(Illuminate\\Foundation\\Console\\RouteCacheCommand), Object(Symfony\\Component\\Console\\Input\\ArgvInput), Object(Symfony\\Component\\Console\\Output\\ConsoleOutput))
#11 /home/imad/php projects/fubbi/vendor/symfony/console/Application.php(148): Symfony\\Component\\Console\\Application->doRun(Object(Symfony\\Component\\Console\\Input\\ArgvInput), Object(Symfony\\Component\\Console\\Output\\ConsoleOutput))
#12 /home/imad/php projects/fubbi/vendor/laravel/framework/src/Illuminate/Console/Application.php(172): Symfony\\Component\\Console\\Application->run(Object(Symfony\\Component\\Console\\Input\\ArgvInput), Object(Symfony\\Component\\Console\\Output\\ConsoleOutput))
#13 /home/imad/php projects/fubbi/vendor/laravel/framework/src/Illuminate/Foundation/Console/Kernel.php(121): Illuminate\\Console\\Application->run(Object(Symfony\\Component\\Console\\Input\\ArgvInput), Object(Symfony\\Component\\Console\\Output\\ConsoleOutput))
#14 /home/imad/php projects/fubbi/artisan(37): Illuminate\\Foundation\\Console\\Kernel->handle(Object(Symfony\\Component\\Console\\Input\\ArgvInput), Object(Symfony\\Component\\Console\\Output\\ConsoleOutput))
#15 {main}
"} 
[2018-02-02 18:16:50] local.ERROR: Trying to get property of non-object {"exception":"[object] (ErrorException(code: 0): Trying to get property of non-object at /home/imad/php projects/fubbi/app/Http/Middleware/Reminders.php:21)
[stacktrace]
#0 /home/imad/php projects/fubbi/app/Http/Middleware/Reminders.php(21): Illuminate\\Foundation\\Bootstrap\\HandleExceptions->handleError(8, 'Trying to get p...', '/home/imad/php ...', 21, Array)
#1 /home/imad/php projects/fubbi/vendor/laravel/framework/src/Illuminate/Pipeline/Pipeline.php(149): App\\Http\\Middleware\\Reminders->handle(Object(Illuminate\\Http\\Request), Object(Closure))
#2 /home/imad/php projects/fubbi/vendor/laravel/framework/src/Illuminate/Routing/Pipeline.php(53): Illuminate\\Pipeline\\Pipeline->Illuminate\\Pipeline\\{closure}(Object(Illuminate\\Http\\Request))
#3 /home/imad/php projects/fubbi/vendor/fideloper/proxy/src/TrustProxies.php(56): Illuminate\\Routing\\Pipeline->Illuminate\\Routing\\{closure}(Object(Illuminate\\Http\\Request))
#4 /home/imad/php projects/fubbi/vendor/laravel/framework/src/Illuminate/Pipeline/Pipeline.php(149): Fideloper\\Proxy\\TrustProxies->handle(Object(Illuminate\\Http\\Request), Object(Closure))
#5 /home/imad/php projects/fubbi/vendor/laravel/framework/src/Illuminate/Routing/Pipeline.php(53): Illuminate\\Pipeline\\Pipeline->Illuminate\\Pipeline\\{closure}(Object(Illuminate\\Http\\Request))
#6 /home/imad/php projects/fubbi/vendor/laravel/framework/src/Illuminate/Foundation/Http/Middleware/TransformsRequest.php(30): Illuminate\\Routing\\Pipeline->Illuminate\\Routing\\{closure}(Object(Illuminate\\Http\\Request))
#7 /home/imad/php projects/fubbi/vendor/laravel/framework/src/Illuminate/Pipeline/Pipeline.php(149): Illuminate\\Foundation\\Http\\Middleware\\TransformsRequest->handle(Object(Illuminate\\Http\\Request), Object(Closure))
#8 /home/imad/php projects/fubbi/vendor/laravel/framework/src/Illuminate/Routing/Pipeline.php(53): Illuminate\\Pipeline\\Pipeline->Illuminate\\Pipeline\\{closure}(Object(Illuminate\\Http\\Request))
#9 /home/imad/php projects/fubbi/vendor/laravel/framework/src/Illuminate/Foundation/Http/Middleware/TransformsRequest.php(30): Illuminate\\Routing\\Pipeline->Illuminate\\Routing\\{closure}(Object(Illuminate\\Http\\Request))
#10 /home/imad/php projects/fubbi/vendor/laravel/framework/src/Illuminate/Pipeline/Pipeline.php(149): Illuminate\\Foundation\\Http\\Middleware\\TransformsRequest->handle(Object(Illuminate\\Http\\Request), Object(Closure))
#11 /home/imad/php projects/fubbi/vendor/laravel/framework/src/Illuminate/Routing/Pipeline.php(53): Illuminate\\Pipeline\\Pipeline->Illuminate\\Pipeline\\{closure}(Object(Illuminate\\Http\\Request))
#12 /home/imad/php projects/fubbi/vendor/laravel/framework/src/Illuminate/Foundation/Http/Middleware/ValidatePostSize.php(27): Illuminate\\Routing\\Pipeline->Illuminate\\Routing\\{closure}(Object(Illuminate\\Http\\Request))
#13 /home/imad/php projects/fubbi/vendor/laravel/framework/src/Illuminate/Pipeline/Pipeline.php(149): Illuminate\\Foundation\\Http\\Middleware\\ValidatePostSize->handle(Object(Illuminate\\Http\\Request), Object(Closure))
#14 /home/imad/php projects/fubbi/vendor/laravel/framework/src/Illuminate/Routing/Pipeline.php(53): Illuminate\\Pipeline\\Pipeline->Illuminate\\Pipeline\\{closure}(Object(Illuminate\\Http\\Request))
#15 /home/imad/php projects/fubbi/vendor/laravel/framework/src/Illuminate/Foundation/Http/Middleware/CheckForMaintenanceMode.php(46): Illuminate\\Routing\\Pipeline->Illuminate\\Routing\\{closure}(Object(Illuminate\\Http\\Request))
#16 /home/imad/php projects/fubbi/vendor/laravel/framework/src/Illuminate/Pipeline/Pipeline.php(149): Illuminate\\Foundation\\Http\\Middleware\\CheckForMaintenanceMode->handle(Object(Illuminate\\Http\\Request), Object(Closure))
#17 /home/imad/php projects/fubbi/vendor/laravel/framework/src/Illuminate/Routing/Pipeline.php(53): Illuminate\\Pipeline\\Pipeline->Illuminate\\Pipeline\\{closure}(Object(Illuminate\\Http\\Request))
#18 /home/imad/php projects/fubbi/vendor/laravel/framework/src/Illuminate/Pipeline/Pipeline.php(102): Illuminate\\Routing\\Pipeline->Illuminate\\Routing\\{closure}(Object(Illuminate\\Http\\Request))
#19 /home/imad/php projects/fubbi/vendor/laravel/framework/src/Illuminate/Foundation/Http/Kernel.php(151): Illuminate\\Pipeline\\Pipeline->then(Object(Closure))
#20 /home/imad/php projects/fubbi/vendor/laravel/framework/src/Illuminate/Foundation/Http/Kernel.php(116): Illuminate\\Foundation\\Http\\Kernel->sendRequestThroughRouter(Object(Illuminate\\Http\\Request))
#21 /home/imad/php projects/fubbi/public/index.php(55): Illuminate\\Foundation\\Http\\Kernel->handle(Object(Illuminate\\Http\\Request))
#22 {main}
"} 
[2018-02-02 18:21:39] local.ERROR: Call to a member function send() on null {"userId":1,"email":"imad.bazzal.93@gmail.com","exception":"[object] (Symfony\\Component\\Debug\\Exception\\FatalThrowableError(code: 0): Call to a member function send() on null at /home/imad/php projects/fubbi/public/index.php:58)
[stacktrace]
#0 {main}
"} 
[2018-02-02 18:26:13] local.ERROR: [] operator not supported for strings {"userId":2,"email":"client@example.com","exception":"[object] (Symfony\\Component\\Debug\\Exception\\FatalThrowableError(code: 0): [] operator not supported for strings at /home/imad/php projects/fubbi/vendor/laravel/framework/src/Illuminate/Session/Store.php:302)
[stacktrace]
#0 /home/imad/php projects/fubbi/vendor/laravel/framework/src/Illuminate/Support/Manager.php(138): Illuminate\\Session\\Store->push('info', 'Complete projec...')
#1 /home/imad/php projects/fubbi/vendor/laravel/framework/src/Illuminate/Support/Facades/Facade.php(221): Illuminate\\Support\\Manager->__call('push', Array)
#2 /home/imad/php projects/fubbi/app/Http/Middleware/Reminders.php(35): Illuminate\\Support\\Facades\\Facade::__callStatic('push', Array)
#3 /home/imad/php projects/fubbi/vendor/laravel/framework/src/Illuminate/Support/Collection.php(366): App\\Http\\Middleware\\Reminders->App\\Http\\Middleware\\{closure}(Object(App\\Models\\Project), 0)
#4 /home/imad/php projects/fubbi/app/Http/Middleware/Reminders.php(39): Illuminate\\Support\\Collection->each(Object(Closure))
#5 /home/imad/php projects/fubbi/vendor/laravel/framework/src/Illuminate/Pipeline/Pipeline.php(149): App\\Http\\Middleware\\Reminders->handle(Object(Illuminate\\Http\\Request), Object(Closure))
#6 /home/imad/php projects/fubbi/vendor/laravel/framework/src/Illuminate/Routing/Pipeline.php(53): Illuminate\\Pipeline\\Pipeline->Illuminate\\Pipeline\\{closure}(Object(Illuminate\\Http\\Request))
#7 /home/imad/php projects/fubbi/vendor/fideloper/proxy/src/TrustProxies.php(56): Illuminate\\Routing\\Pipeline->Illuminate\\Routing\\{closure}(Object(Illuminate\\Http\\Request))
#8 /home/imad/php projects/fubbi/vendor/laravel/framework/src/Illuminate/Pipeline/Pipeline.php(149): Fideloper\\Proxy\\TrustProxies->handle(Object(Illuminate\\Http\\Request), Object(Closure))
#9 /home/imad/php projects/fubbi/vendor/laravel/framework/src/Illuminate/Routing/Pipeline.php(53): Illuminate\\Pipeline\\Pipeline->Illuminate\\Pipeline\\{closure}(Object(Illuminate\\Http\\Request))
#10 /home/imad/php projects/fubbi/vendor/laravel/framework/src/Illuminate/Foundation/Http/Middleware/TransformsRequest.php(30): Illuminate\\Routing\\Pipeline->Illuminate\\Routing\\{closure}(Object(Illuminate\\Http\\Request))
#11 /home/imad/php projects/fubbi/vendor/laravel/framework/src/Illuminate/Pipeline/Pipeline.php(149): Illuminate\\Foundation\\Http\\Middleware\\TransformsRequest->handle(Object(Illuminate\\Http\\Request), Object(Closure))
#12 /home/imad/php projects/fubbi/vendor/laravel/framework/src/Illuminate/Routing/Pipeline.php(53): Illuminate\\Pipeline\\Pipeline->Illuminate\\Pipeline\\{closure}(Object(Illuminate\\Http\\Request))
#13 /home/imad/php projects/fubbi/vendor/laravel/framework/src/Illuminate/Foundation/Http/Middleware/TransformsRequest.php(30): Illuminate\\Routing\\Pipeline->Illuminate\\Routing\\{closure}(Object(Illuminate\\Http\\Request))
#14 /home/imad/php projects/fubbi/vendor/laravel/framework/src/Illuminate/Pipeline/Pipeline.php(149): Illuminate\\Foundation\\Http\\Middleware\\TransformsRequest->handle(Object(Illuminate\\Http\\Request), Object(Closure))
#15 /home/imad/php projects/fubbi/vendor/laravel/framework/src/Illuminate/Routing/Pipeline.php(53): Illuminate\\Pipeline\\Pipeline->Illuminate\\Pipeline\\{closure}(Object(Illuminate\\Http\\Request))
#16 /home/imad/php projects/fubbi/vendor/laravel/framework/src/Illuminate/Foundation/Http/Middleware/ValidatePostSize.php(27): Illuminate\\Routing\\Pipeline->Illuminate\\Routing\\{closure}(Object(Illuminate\\Http\\Request))
#17 /home/imad/php projects/fubbi/vendor/laravel/framework/src/Illuminate/Pipeline/Pipeline.php(149): Illuminate\\Foundation\\Http\\Middleware\\ValidatePostSize->handle(Object(Illuminate\\Http\\Request), Object(Closure))
#18 /home/imad/php projects/fubbi/vendor/laravel/framework/src/Illuminate/Routing/Pipeline.php(53): Illuminate\\Pipeline\\Pipeline->Illuminate\\Pipeline\\{closure}(Object(Illuminate\\Http\\Request))
#19 /home/imad/php projects/fubbi/vendor/laravel/framework/src/Illuminate/Foundation/Http/Middleware/CheckForMaintenanceMode.php(46): Illuminate\\Routing\\Pipeline->Illuminate\\Routing\\{closure}(Object(Illuminate\\Http\\Request))
#20 /home/imad/php projects/fubbi/vendor/laravel/framework/src/Illuminate/Pipeline/Pipeline.php(149): Illuminate\\Foundation\\Http\\Middleware\\CheckForMaintenanceMode->handle(Object(Illuminate\\Http\\Request), Object(Closure))
#21 /home/imad/php projects/fubbi/vendor/laravel/framework/src/Illuminate/Routing/Pipeline.php(53): Illuminate\\Pipeline\\Pipeline->Illuminate\\Pipeline\\{closure}(Object(Illuminate\\Http\\Request))
#22 /home/imad/php projects/fubbi/vendor/laravel/framework/src/Illuminate/Pipeline/Pipeline.php(102): Illuminate\\Routing\\Pipeline->Illuminate\\Routing\\{closure}(Object(Illuminate\\Http\\Request))
#23 /home/imad/php projects/fubbi/vendor/laravel/framework/src/Illuminate/Foundation/Http/Kernel.php(151): Illuminate\\Pipeline\\Pipeline->then(Object(Closure))
#24 /home/imad/php projects/fubbi/vendor/laravel/framework/src/Illuminate/Foundation/Http/Kernel.php(116): Illuminate\\Foundation\\Http\\Kernel->sendRequestThroughRouter(Object(Illuminate\\Http\\Request))
#25 /home/imad/php projects/fubbi/public/index.php(55): Illuminate\\Foundation\\Http\\Kernel->handle(Object(Illuminate\\Http\\Request))
#26 {main}
"} 
[2018-02-02 18:30:01] local.ERROR: vsprintf(): Too few arguments {"userId":2,"email":"client@example.com","exception":"[object] (ErrorException(code: 0): vsprintf(): Too few arguments at /home/imad/php projects/fubbi/vendor/belphemur/laravel-gettext/src/Xinax/LaravelGettext/Support/helpers.php:26)
[stacktrace]
#0 [internal function]: Illuminate\\Foundation\\Bootstrap\\HandleExceptions->handleError(2, 'vsprintf(): Too...', '/home/imad/php ...', 26, Array)
#1 /home/imad/php projects/fubbi/vendor/belphemur/laravel-gettext/src/Xinax/LaravelGettext/Support/helpers.php(26): vsprintf('<a href=\"%s\">Pl...', Array)
#2 /home/imad/php projects/fubbi/app/Http/Middleware/Reminders.php(42): _i('<a href=\"%s\">Pl...', Array)
#3 /home/imad/php projects/fubbi/vendor/laravel/framework/src/Illuminate/Support/Collection.php(366): App\\Http\\Middleware\\Reminders->App\\Http\\Middleware\\{closure}(Object(App\\Models\\Project), 0)
#4 /home/imad/php projects/fubbi/app/Http/Middleware/Reminders.php(45): Illuminate\\Support\\Collection->each(Object(Closure))
#5 /home/imad/php projects/fubbi/vendor/laravel/framework/src/Illuminate/Pipeline/Pipeline.php(149): App\\Http\\Middleware\\Reminders->handle(Object(Illuminate\\Http\\Request), Object(Closure))
#6 /home/imad/php projects/fubbi/vendor/laravel/framework/src/Illuminate/Routing/Pipeline.php(53): Illuminate\\Pipeline\\Pipeline->Illuminate\\Pipeline\\{closure}(Object(Illuminate\\Http\\Request))
#7 /home/imad/php projects/fubbi/vendor/fideloper/proxy/src/TrustProxies.php(56): Illuminate\\Routing\\Pipeline->Illuminate\\Routing\\{closure}(Object(Illuminate\\Http\\Request))
#8 /home/imad/php projects/fubbi/vendor/laravel/framework/src/Illuminate/Pipeline/Pipeline.php(149): Fideloper\\Proxy\\TrustProxies->handle(Object(Illuminate\\Http\\Request), Object(Closure))
#9 /home/imad/php projects/fubbi/vendor/laravel/framework/src/Illuminate/Routing/Pipeline.php(53): Illuminate\\Pipeline\\Pipeline->Illuminate\\Pipeline\\{closure}(Object(Illuminate\\Http\\Request))
#10 /home/imad/php projects/fubbi/vendor/laravel/framework/src/Illuminate/Foundation/Http/Middleware/TransformsRequest.php(30): Illuminate\\Routing\\Pipeline->Illuminate\\Routing\\{closure}(Object(Illuminate\\Http\\Request))
#11 /home/imad/php projects/fubbi/vendor/laravel/framework/src/Illuminate/Pipeline/Pipeline.php(149): Illuminate\\Foundation\\Http\\Middleware\\TransformsRequest->handle(Object(Illuminate\\Http\\Request), Object(Closure))
#12 /home/imad/php projects/fubbi/vendor/laravel/framework/src/Illuminate/Routing/Pipeline.php(53): Illuminate\\Pipeline\\Pipeline->Illuminate\\Pipeline\\{closure}(Object(Illuminate\\Http\\Request))
#13 /home/imad/php projects/fubbi/vendor/laravel/framework/src/Illuminate/Foundation/Http/Middleware/TransformsRequest.php(30): Illuminate\\Routing\\Pipeline->Illuminate\\Routing\\{closure}(Object(Illuminate\\Http\\Request))
#14 /home/imad/php projects/fubbi/vendor/laravel/framework/src/Illuminate/Pipeline/Pipeline.php(149): Illuminate\\Foundation\\Http\\Middleware\\TransformsRequest->handle(Object(Illuminate\\Http\\Request), Object(Closure))
#15 /home/imad/php projects/fubbi/vendor/laravel/framework/src/Illuminate/Routing/Pipeline.php(53): Illuminate\\Pipeline\\Pipeline->Illuminate\\Pipeline\\{closure}(Object(Illuminate\\Http\\Request))
#16 /home/imad/php projects/fubbi/vendor/laravel/framework/src/Illuminate/Foundation/Http/Middleware/ValidatePostSize.php(27): Illuminate\\Routing\\Pipeline->Illuminate\\Routing\\{closure}(Object(Illuminate\\Http\\Request))
#17 /home/imad/php projects/fubbi/vendor/laravel/framework/src/Illuminate/Pipeline/Pipeline.php(149): Illuminate\\Foundation\\Http\\Middleware\\ValidatePostSize->handle(Object(Illuminate\\Http\\Request), Object(Closure))
#18 /home/imad/php projects/fubbi/vendor/laravel/framework/src/Illuminate/Routing/Pipeline.php(53): Illuminate\\Pipeline\\Pipeline->Illuminate\\Pipeline\\{closure}(Object(Illuminate\\Http\\Request))
#19 /home/imad/php projects/fubbi/vendor/laravel/framework/src/Illuminate/Foundation/Http/Middleware/CheckForMaintenanceMode.php(46): Illuminate\\Routing\\Pipeline->Illuminate\\Routing\\{closure}(Object(Illuminate\\Http\\Request))
#20 /home/imad/php projects/fubbi/vendor/laravel/framework/src/Illuminate/Pipeline/Pipeline.php(149): Illuminate\\Foundation\\Http\\Middleware\\CheckForMaintenanceMode->handle(Object(Illuminate\\Http\\Request), Object(Closure))
#21 /home/imad/php projects/fubbi/vendor/laravel/framework/src/Illuminate/Routing/Pipeline.php(53): Illuminate\\Pipeline\\Pipeline->Illuminate\\Pipeline\\{closure}(Object(Illuminate\\Http\\Request))
#22 /home/imad/php projects/fubbi/vendor/laravel/framework/src/Illuminate/Pipeline/Pipeline.php(102): Illuminate\\Routing\\Pipeline->Illuminate\\Routing\\{closure}(Object(Illuminate\\Http\\Request))
#23 /home/imad/php projects/fubbi/vendor/laravel/framework/src/Illuminate/Foundation/Http/Kernel.php(151): Illuminate\\Pipeline\\Pipeline->then(Object(Closure))
#24 /home/imad/php projects/fubbi/vendor/laravel/framework/src/Illuminate/Foundation/Http/Kernel.php(116): Illuminate\\Foundation\\Http\\Kernel->sendRequestThroughRouter(Object(Illuminate\\Http\\Request))
#25 /home/imad/php projects/fubbi/public/index.php(55): Illuminate\\Foundation\\Http\\Kernel->handle(Object(Illuminate\\Http\\Request))
#26 {main}
"} 
[2018-02-02 18:35:25] local.ERROR: Trying to get property of non-object {"exception":"[object] (ErrorException(code: 0): Trying to get property of non-object at /home/imad/php projects/fubbi/app/Http/Middleware/Reminders.php:35)
[stacktrace]
#0 /home/imad/php projects/fubbi/app/Http/Middleware/Reminders.php(35): Illuminate\\Foundation\\Bootstrap\\HandleExceptions->handleError(8, 'Trying to get p...', '/home/imad/php ...', 35, Array)
#1 /home/imad/php projects/fubbi/vendor/laravel/framework/src/Illuminate/Pipeline/Pipeline.php(149): App\\Http\\Middleware\\Reminders->handle(Object(Illuminate\\Http\\Request), Object(Closure))
#2 /home/imad/php projects/fubbi/vendor/laravel/framework/src/Illuminate/Routing/Pipeline.php(53): Illuminate\\Pipeline\\Pipeline->Illuminate\\Pipeline\\{closure}(Object(Illuminate\\Http\\Request))
#3 /home/imad/php projects/fubbi/vendor/fideloper/proxy/src/TrustProxies.php(56): Illuminate\\Routing\\Pipeline->Illuminate\\Routing\\{closure}(Object(Illuminate\\Http\\Request))
#4 /home/imad/php projects/fubbi/vendor/laravel/framework/src/Illuminate/Pipeline/Pipeline.php(149): Fideloper\\Proxy\\TrustProxies->handle(Object(Illuminate\\Http\\Request), Object(Closure))
#5 /home/imad/php projects/fubbi/vendor/laravel/framework/src/Illuminate/Routing/Pipeline.php(53): Illuminate\\Pipeline\\Pipeline->Illuminate\\Pipeline\\{closure}(Object(Illuminate\\Http\\Request))
#6 /home/imad/php projects/fubbi/vendor/laravel/framework/src/Illuminate/Foundation/Http/Middleware/TransformsRequest.php(30): Illuminate\\Routing\\Pipeline->Illuminate\\Routing\\{closure}(Object(Illuminate\\Http\\Request))
#7 /home/imad/php projects/fubbi/vendor/laravel/framework/src/Illuminate/Pipeline/Pipeline.php(149): Illuminate\\Foundation\\Http\\Middleware\\TransformsRequest->handle(Object(Illuminate\\Http\\Request), Object(Closure))
#8 /home/imad/php projects/fubbi/vendor/laravel/framework/src/Illuminate/Routing/Pipeline.php(53): Illuminate\\Pipeline\\Pipeline->Illuminate\\Pipeline\\{closure}(Object(Illuminate\\Http\\Request))
#9 /home/imad/php projects/fubbi/vendor/laravel/framework/src/Illuminate/Foundation/Http/Middleware/TransformsRequest.php(30): Illuminate\\Routing\\Pipeline->Illuminate\\Routing\\{closure}(Object(Illuminate\\Http\\Request))
#10 /home/imad/php projects/fubbi/vendor/laravel/framework/src/Illuminate/Pipeline/Pipeline.php(149): Illuminate\\Foundation\\Http\\Middleware\\TransformsRequest->handle(Object(Illuminate\\Http\\Request), Object(Closure))
#11 /home/imad/php projects/fubbi/vendor/laravel/framework/src/Illuminate/Routing/Pipeline.php(53): Illuminate\\Pipeline\\Pipeline->Illuminate\\Pipeline\\{closure}(Object(Illuminate\\Http\\Request))
#12 /home/imad/php projects/fubbi/vendor/laravel/framework/src/Illuminate/Foundation/Http/Middleware/ValidatePostSize.php(27): Illuminate\\Routing\\Pipeline->Illuminate\\Routing\\{closure}(Object(Illuminate\\Http\\Request))
#13 /home/imad/php projects/fubbi/vendor/laravel/framework/src/Illuminate/Pipeline/Pipeline.php(149): Illuminate\\Foundation\\Http\\Middleware\\ValidatePostSize->handle(Object(Illuminate\\Http\\Request), Object(Closure))
#14 /home/imad/php projects/fubbi/vendor/laravel/framework/src/Illuminate/Routing/Pipeline.php(53): Illuminate\\Pipeline\\Pipeline->Illuminate\\Pipeline\\{closure}(Object(Illuminate\\Http\\Request))
#15 /home/imad/php projects/fubbi/vendor/laravel/framework/src/Illuminate/Foundation/Http/Middleware/CheckForMaintenanceMode.php(46): Illuminate\\Routing\\Pipeline->Illuminate\\Routing\\{closure}(Object(Illuminate\\Http\\Request))
#16 /home/imad/php projects/fubbi/vendor/laravel/framework/src/Illuminate/Pipeline/Pipeline.php(149): Illuminate\\Foundation\\Http\\Middleware\\CheckForMaintenanceMode->handle(Object(Illuminate\\Http\\Request), Object(Closure))
#17 /home/imad/php projects/fubbi/vendor/laravel/framework/src/Illuminate/Routing/Pipeline.php(53): Illuminate\\Pipeline\\Pipeline->Illuminate\\Pipeline\\{closure}(Object(Illuminate\\Http\\Request))
#18 /home/imad/php projects/fubbi/vendor/laravel/framework/src/Illuminate/Pipeline/Pipeline.php(102): Illuminate\\Routing\\Pipeline->Illuminate\\Routing\\{closure}(Object(Illuminate\\Http\\Request))
#19 /home/imad/php projects/fubbi/vendor/laravel/framework/src/Illuminate/Foundation/Http/Kernel.php(151): Illuminate\\Pipeline\\Pipeline->then(Object(Closure))
#20 /home/imad/php projects/fubbi/vendor/laravel/framework/src/Illuminate/Foundation/Http/Kernel.php(116): Illuminate\\Foundation\\Http\\Kernel->sendRequestThroughRouter(Object(Illuminate\\Http\\Request))
#21 /home/imad/php projects/fubbi/public/index.php(55): Illuminate\\Foundation\\Http\\Kernel->handle(Object(Illuminate\\Http\\Request))
#22 {main}
"} 
[2018-02-02 18:37:41] local.ERROR: Trying to get property of non-object {"exception":"[object] (ErrorException(code: 0): Trying to get property of non-object at /home/imad/php projects/fubbi/app/Http/Middleware/Reminders.php:42)
[stacktrace]
#0 /home/imad/php projects/fubbi/app/Http/Middleware/Reminders.php(42): Illuminate\\Foundation\\Bootstrap\\HandleExceptions->handleError(8, 'Trying to get p...', '/home/imad/php ...', 42, Array)
#1 /home/imad/php projects/fubbi/vendor/laravel/framework/src/Illuminate/Pipeline/Pipeline.php(149): App\\Http\\Middleware\\Reminders->handle(Object(Illuminate\\Http\\Request), Object(Closure))
#2 /home/imad/php projects/fubbi/vendor/laravel/framework/src/Illuminate/Routing/Pipeline.php(53): Illuminate\\Pipeline\\Pipeline->Illuminate\\Pipeline\\{closure}(Object(Illuminate\\Http\\Request))
#3 /home/imad/php projects/fubbi/vendor/fideloper/proxy/src/TrustProxies.php(56): Illuminate\\Routing\\Pipeline->Illuminate\\Routing\\{closure}(Object(Illuminate\\Http\\Request))
#4 /home/imad/php projects/fubbi/vendor/laravel/framework/src/Illuminate/Pipeline/Pipeline.php(149): Fideloper\\Proxy\\TrustProxies->handle(Object(Illuminate\\Http\\Request), Object(Closure))
#5 /home/imad/php projects/fubbi/vendor/laravel/framework/src/Illuminate/Routing/Pipeline.php(53): Illuminate\\Pipeline\\Pipeline->Illuminate\\Pipeline\\{closure}(Object(Illuminate\\Http\\Request))
#6 /home/imad/php projects/fubbi/vendor/laravel/framework/src/Illuminate/Foundation/Http/Middleware/TransformsRequest.php(30): Illuminate\\Routing\\Pipeline->Illuminate\\Routing\\{closure}(Object(Illuminate\\Http\\Request))
#7 /home/imad/php projects/fubbi/vendor/laravel/framework/src/Illuminate/Pipeline/Pipeline.php(149): Illuminate\\Foundation\\Http\\Middleware\\TransformsRequest->handle(Object(Illuminate\\Http\\Request), Object(Closure))
#8 /home/imad/php projects/fubbi/vendor/laravel/framework/src/Illuminate/Routing/Pipeline.php(53): Illuminate\\Pipeline\\Pipeline->Illuminate\\Pipeline\\{closure}(Object(Illuminate\\Http\\Request))
#9 /home/imad/php projects/fubbi/vendor/laravel/framework/src/Illuminate/Foundation/Http/Middleware/TransformsRequest.php(30): Illuminate\\Routing\\Pipeline->Illuminate\\Routing\\{closure}(Object(Illuminate\\Http\\Request))
#10 /home/imad/php projects/fubbi/vendor/laravel/framework/src/Illuminate/Pipeline/Pipeline.php(149): Illuminate\\Foundation\\Http\\Middleware\\TransformsRequest->handle(Object(Illuminate\\Http\\Request), Object(Closure))
#11 /home/imad/php projects/fubbi/vendor/laravel/framework/src/Illuminate/Routing/Pipeline.php(53): Illuminate\\Pipeline\\Pipeline->Illuminate\\Pipeline\\{closure}(Object(Illuminate\\Http\\Request))
#12 /home/imad/php projects/fubbi/vendor/laravel/framework/src/Illuminate/Foundation/Http/Middleware/ValidatePostSize.php(27): Illuminate\\Routing\\Pipeline->Illuminate\\Routing\\{closure}(Object(Illuminate\\Http\\Request))
#13 /home/imad/php projects/fubbi/vendor/laravel/framework/src/Illuminate/Pipeline/Pipeline.php(149): Illuminate\\Foundation\\Http\\Middleware\\ValidatePostSize->handle(Object(Illuminate\\Http\\Request), Object(Closure))
#14 /home/imad/php projects/fubbi/vendor/laravel/framework/src/Illuminate/Routing/Pipeline.php(53): Illuminate\\Pipeline\\Pipeline->Illuminate\\Pipeline\\{closure}(Object(Illuminate\\Http\\Request))
#15 /home/imad/php projects/fubbi/vendor/laravel/framework/src/Illuminate/Foundation/Http/Middleware/CheckForMaintenanceMode.php(46): Illuminate\\Routing\\Pipeline->Illuminate\\Routing\\{closure}(Object(Illuminate\\Http\\Request))
#16 /home/imad/php projects/fubbi/vendor/laravel/framework/src/Illuminate/Pipeline/Pipeline.php(149): Illuminate\\Foundation\\Http\\Middleware\\CheckForMaintenanceMode->handle(Object(Illuminate\\Http\\Request), Object(Closure))
#17 /home/imad/php projects/fubbi/vendor/laravel/framework/src/Illuminate/Routing/Pipeline.php(53): Illuminate\\Pipeline\\Pipeline->Illuminate\\Pipeline\\{closure}(Object(Illuminate\\Http\\Request))
#18 /home/imad/php projects/fubbi/vendor/laravel/framework/src/Illuminate/Pipeline/Pipeline.php(102): Illuminate\\Routing\\Pipeline->Illuminate\\Routing\\{closure}(Object(Illuminate\\Http\\Request))
#19 /home/imad/php projects/fubbi/vendor/laravel/framework/src/Illuminate/Foundation/Http/Kernel.php(151): Illuminate\\Pipeline\\Pipeline->then(Object(Closure))
#20 /home/imad/php projects/fubbi/vendor/laravel/framework/src/Illuminate/Foundation/Http/Kernel.php(116): Illuminate\\Foundation\\Http\\Kernel->sendRequestThroughRouter(Object(Illuminate\\Http\\Request))
#21 /home/imad/php projects/fubbi/public/index.php(55): Illuminate\\Foundation\\Http\\Kernel->handle(Object(Illuminate\\Http\\Request))
#22 {main}
"} 
[2018-02-02 18:37:51] local.ERROR: Undefined variable: response {"exception":"[object] (ErrorException(code: 0): Undefined variable: response at /home/imad/php projects/fubbi/app/Http/Middleware/Reminders.php:33)
[stacktrace]
#0 /home/imad/php projects/fubbi/app/Http/Middleware/Reminders.php(33): Illuminate\\Foundation\\Bootstrap\\HandleExceptions->handleError(8, 'Undefined varia...', '/home/imad/php ...', 33, Array)
#1 /home/imad/php projects/fubbi/vendor/laravel/framework/src/Illuminate/Pipeline/Pipeline.php(149): App\\Http\\Middleware\\Reminders->handle(Object(Illuminate\\Http\\Request), Object(Closure))
#2 /home/imad/php projects/fubbi/vendor/laravel/framework/src/Illuminate/Routing/Pipeline.php(53): Illuminate\\Pipeline\\Pipeline->Illuminate\\Pipeline\\{closure}(Object(Illuminate\\Http\\Request))
#3 /home/imad/php projects/fubbi/vendor/fideloper/proxy/src/TrustProxies.php(56): Illuminate\\Routing\\Pipeline->Illuminate\\Routing\\{closure}(Object(Illuminate\\Http\\Request))
#4 /home/imad/php projects/fubbi/vendor/laravel/framework/src/Illuminate/Pipeline/Pipeline.php(149): Fideloper\\Proxy\\TrustProxies->handle(Object(Illuminate\\Http\\Request), Object(Closure))
#5 /home/imad/php projects/fubbi/vendor/laravel/framework/src/Illuminate/Routing/Pipeline.php(53): Illuminate\\Pipeline\\Pipeline->Illuminate\\Pipeline\\{closure}(Object(Illuminate\\Http\\Request))
#6 /home/imad/php projects/fubbi/vendor/laravel/framework/src/Illuminate/Foundation/Http/Middleware/TransformsRequest.php(30): Illuminate\\Routing\\Pipeline->Illuminate\\Routing\\{closure}(Object(Illuminate\\Http\\Request))
#7 /home/imad/php projects/fubbi/vendor/laravel/framework/src/Illuminate/Pipeline/Pipeline.php(149): Illuminate\\Foundation\\Http\\Middleware\\TransformsRequest->handle(Object(Illuminate\\Http\\Request), Object(Closure))
#8 /home/imad/php projects/fubbi/vendor/laravel/framework/src/Illuminate/Routing/Pipeline.php(53): Illuminate\\Pipeline\\Pipeline->Illuminate\\Pipeline\\{closure}(Object(Illuminate\\Http\\Request))
#9 /home/imad/php projects/fubbi/vendor/laravel/framework/src/Illuminate/Foundation/Http/Middleware/TransformsRequest.php(30): Illuminate\\Routing\\Pipeline->Illuminate\\Routing\\{closure}(Object(Illuminate\\Http\\Request))
#10 /home/imad/php projects/fubbi/vendor/laravel/framework/src/Illuminate/Pipeline/Pipeline.php(149): Illuminate\\Foundation\\Http\\Middleware\\TransformsRequest->handle(Object(Illuminate\\Http\\Request), Object(Closure))
#11 /home/imad/php projects/fubbi/vendor/laravel/framework/src/Illuminate/Routing/Pipeline.php(53): Illuminate\\Pipeline\\Pipeline->Illuminate\\Pipeline\\{closure}(Object(Illuminate\\Http\\Request))
#12 /home/imad/php projects/fubbi/vendor/laravel/framework/src/Illuminate/Foundation/Http/Middleware/ValidatePostSize.php(27): Illuminate\\Routing\\Pipeline->Illuminate\\Routing\\{closure}(Object(Illuminate\\Http\\Request))
#13 /home/imad/php projects/fubbi/vendor/laravel/framework/src/Illuminate/Pipeline/Pipeline.php(149): Illuminate\\Foundation\\Http\\Middleware\\ValidatePostSize->handle(Object(Illuminate\\Http\\Request), Object(Closure))
#14 /home/imad/php projects/fubbi/vendor/laravel/framework/src/Illuminate/Routing/Pipeline.php(53): Illuminate\\Pipeline\\Pipeline->Illuminate\\Pipeline\\{closure}(Object(Illuminate\\Http\\Request))
#15 /home/imad/php projects/fubbi/vendor/laravel/framework/src/Illuminate/Foundation/Http/Middleware/CheckForMaintenanceMode.php(46): Illuminate\\Routing\\Pipeline->Illuminate\\Routing\\{closure}(Object(Illuminate\\Http\\Request))
#16 /home/imad/php projects/fubbi/vendor/laravel/framework/src/Illuminate/Pipeline/Pipeline.php(149): Illuminate\\Foundation\\Http\\Middleware\\CheckForMaintenanceMode->handle(Object(Illuminate\\Http\\Request), Object(Closure))
#17 /home/imad/php projects/fubbi/vendor/laravel/framework/src/Illuminate/Routing/Pipeline.php(53): Illuminate\\Pipeline\\Pipeline->Illuminate\\Pipeline\\{closure}(Object(Illuminate\\Http\\Request))
#18 /home/imad/php projects/fubbi/vendor/laravel/framework/src/Illuminate/Pipeline/Pipeline.php(102): Illuminate\\Routing\\Pipeline->Illuminate\\Routing\\{closure}(Object(Illuminate\\Http\\Request))
#19 /home/imad/php projects/fubbi/vendor/laravel/framework/src/Illuminate/Foundation/Http/Kernel.php(151): Illuminate\\Pipeline\\Pipeline->then(Object(Closure))
#20 /home/imad/php projects/fubbi/vendor/laravel/framework/src/Illuminate/Foundation/Http/Kernel.php(116): Illuminate\\Foundation\\Http\\Kernel->sendRequestThroughRouter(Object(Illuminate\\Http\\Request))
#21 /home/imad/php projects/fubbi/public/index.php(55): Illuminate\\Foundation\\Http\\Kernel->handle(Object(Illuminate\\Http\\Request))
#22 {main}
"} 
